<?xml version="1.0" encoding="UTF-8"?>
<!-- Generated by org.testng.reporters.JUnitXMLReporter -->
<testsuite ignored="6" hostname="Ripna_John" failures="0" tests="1" name="Default test" time="2.536" errors="0" timestamp="2024-07-08T16:15:25 IST">
  <testcase classname="RestAssure.CryptoWallet" name="GetObjectWithAvailableCurrency" time="2.491"/>
  <testcase classname="RestAssure.CryptoWallet" name="LoginGenerateToken" time="0.0">
    <ignored/>
  </testcase> <!-- LoginGenerateToken -->
  <testcase classname="RestAssure.CryptoWallet" name="CalculateTransactionFee" time="0.0">
    <ignored/>
  </testcase> <!-- CalculateTransactionFee -->
  <testcase classname="RestAssure.CryptoWallet" name="RetriveWalletBalance" time="0.0">
    <ignored/>
  </testcase> <!-- RetriveWalletBalance -->
  <testcase classname="RestAssure.CryptoWallet" name="AddNewComment" time="0.0">
    <ignored/>
  </testcase> <!-- AddNewComment -->
  <testcase classname="RestAssure.CryptoWallet" name="Transfer5ETHRecipient" time="0.0">
    <ignored/>
  </testcase> <!-- Transfer5ETHRecipient -->
  <testcase classname="RestAssure.CryptoWallet" name="UserTransactionLists" time="0.0">
    <ignored/>
  </testcase> <!-- UserTransactionLists -->
</testsuite> <!-- Default test -->
