<?xml version="1.0" encoding="UTF-8"?>
<testng-results ignored="6" total="7" passed="1" failed="0" skipped="0">
  <reporter-output>
  </reporter-output>
  <suite started-at="2024-07-08T16:15:23 IST" name="Default suite" finished-at="2024-07-08T16:15:25 IST" duration-ms="2536">
    <groups>
    </groups>
    <test started-at="2024-07-08T16:15:23 IST" name="Default test" finished-at="2024-07-08T16:15:25 IST" duration-ms="2536">
      <class name="RestAssure.CryptoWallet">
        <test-method signature="GetObjectWithAvailableCurrency()[pri:0, instance:RestAssure.CryptoWallet@66f57048]" started-at="2024-07-08T16:15:23 IST" name="GetObjectWithAvailableCurrency" finished-at="2024-07-08T16:15:25 IST" duration-ms="2491" status="PASS">
          <reporter-output>
          </reporter-output>
        </test-method> <!-- GetObjectWithAvailableCurrency -->
      </class> <!-- RestAssure.CryptoWallet -->
    </test> <!-- Default test -->
  </suite> <!-- Default suite -->
</testng-results>
